[FaceMemoryRecognizer] Loading FaceNet model...
[FaceMemoryRecognizer] Model loaded. Loading known faces from /Users/riyamehdiratta/Desktop/dementia final/Dementia-memory-assist-system/data/known_faces...
[FaceMemoryRecognizer] Loaded Riya (Riya Mehdiratta)
[FaceMemoryRecognizer] Loaded jake (Jake)
[FaceMemoryRecognizer] Loaded embeddings for 2 people
 * Serving Flask app 'app'
 * Debug mode: on
WARNING: This is a development server. Do not use it in a production deployment. Use a production WSGI server instead.
 * Running on all addresses (0.0.0.0)
 * Running on http://127.0.0.1:8080
 * Running on http://192.168.1.2:8080
Press CTRL+C to quit
 * Restarting with watchdog (fsevents)
 * Debugger is active!
 * Debugger PIN: 681-080-947
127.0.0.1 - - [20/Jan/2026 21:00:18] "GET / HTTP/1.1" 200 -
 * Detected change in '/Users/riyamehdiratta/Desktop/dementia final/Dementia-memory-assist-system/summarizer.py', reloading
[FaceMemoryRecognizer] Loading FaceNet model...
[FaceMemoryRecognizer] Model loaded. Loading known faces from /Users/riyamehdiratta/Desktop/dementia final/Dementia-memory-assist-system/data/known_faces...
[FaceMemoryRecognizer] Loaded Riya (Riya Mehdiratta)
[FaceMemoryRecognizer] Loaded jake (Jake)
[FaceMemoryRecognizer] Loaded embeddings for 2 people
 * Restarting with watchdog (fsevents)
 * Debugger is active!
 * Debugger PIN: 681-080-947
